Mplus VERSION 7.1 (Mac)
MUTHEN & MUTHEN
02/29/2016   4:54 PM

INPUT INSTRUCTIONS

  TITLE:
  MGMLSEM_tp_tr_di_I_si
  DATA:
  FILE = "MLSEM_fin.dat";

  VARIABLE:
  NAMES = si_01_np si_02_np si_05_np si_07_np si_03_np si_04_np si_06_np di_01_np
       di_02_np di_03_np di_04_np di_05_np di_06_np di_07_np di_08_np di_09_np
       di_10_np di_11_np di_12_np di_13_np tp_01_np tp_02_np tp_03_np tp_04_np
       tp_05_np tp_06_np tr ie tp cl ex ke_01_pc tr_01_pc tr_02_pc tr_03_pc tr_04_pc
       cl_01_pc cl_02_pc cl_03_pc ie_01_pc ie_02_pc ie_03_pc ie_04_pc ie_05_pc I_exp
       I_wis IDNUM;
   MISSING=.;
   USEVARIABLES = tp_01_np tp_02_np tp_03_np tp_04_np
                  tp_05_np tp_06_np
                  tr_01_pc tr_02_pc tr_03_pc tr_04_pc
                  ke_01_pc
                  cl_01_pc cl_02_pc cl_03_pc
                  ie_01_pc ie_02_pc ie_03_pc ie_04_pc ie_05_pc
                  di_01_np di_02_np di_03_np di_04_np di_05_np
                  di_06_np di_07_np di_08_np di_09_np di_10_np
                  di_11_np di_12_np di_13_np
                  si_01_np si_02_np si_03_np si_04_np si_05_np
                  si_06_np si_07_np
                  I_exp I_wis;

                   WITHIN =  ke_01_pc
                             tr_01_pc tr_02_pc tr_03_pc tr_04_pc
                             cl_01_pc cl_02_pc cl_03_pc
                             ie_01_pc ie_02_pc ie_03_pc ie_04_pc ie_05_pc;

                   BETWEEN = di_01_np di_02_np di_03_np di_04_np di_05_np
                             di_06_np di_07_np di_08_np di_09_np di_10_np
                             di_11_np di_12_np di_13_np
                             si_01_np si_02_np si_03_np si_04_np si_05_np
                             si_06_np si_07_np
                                    I_exp I_wis;

                   CLUSTER = IDnum;
  ANALYSIS:
  TYPE = TWOLEVEL;
  MODEL:
  %WITHIN%
                   TPW BY tp_01_np
     	                    tp_02_np
     	                    tp_03_np
     	                    tp_04_np
                          tp_05_np
                          tp_06_np;

                         CLW BY cl_01_pc cl_02_pc cl_03_pc;

                         IEW BY ie_01_pc ie_02_pc ie_03_pc ie_04_pc ie_05_pc;
                         IE_05_PC WITH IE_03_PC;

                         TRW BY tr_01_pc tr_02_pc tr_03_pc tr_04_pc;

                         TPW           ON    KE_01_pc CLW IEW TRW;
                         TRW CLW IEW   ON    KE_01_pc;

                         TRW           WITH  IEW CLW;
                         IEW           WITH  CLW;
                         %BETWEEN%
                         TPB BY tp_01_np
     	                          tp_02_np
     	                          tp_03_np
     	                          tp_04_np
                                tp_05_np
                                tp_06_np;

                         DI BY di_01_np di_02_np di_03_np di_04_np di_05_np
                               di_06_np di_07_np di_08_np di_09_np di_10_np
                               di_11_np di_12_np di_13_np;

                         SI BY si_01_np si_02_np si_03_np si_04_np si_05_np
                               si_05_np si_06_np si_07_np;


                         TPB ON DI SI I_exp I_wis;
  OUTPUT:
  Standardized;



*** WARNING
  Data set contains cases with missing on x-variables.
  These cases were not included in the analysis.
  Number of cases with missing on x-variables:  78
   1 WARNING(S) FOUND IN THE INPUT INSTRUCTIONS




MGMLSEM_tp_tr_di_I_si

SUMMARY OF ANALYSIS

Number of groups                                                 1
Number of observations                                        1860

Number of dependent variables                                   38
Number of independent variables                                  3
Number of continuous latent variables                            7

Observed dependent variables

  Continuous
   DI_01_NP    DI_02_NP    DI_03_NP    DI_04_NP    DI_05_NP    DI_06_NP
   DI_07_NP    DI_08_NP    DI_09_NP    DI_10_NP    DI_11_NP    DI_12_NP
   DI_13_NP    SI_01_NP    SI_02_NP    SI_03_NP    SI_04_NP    SI_05_NP
   SI_06_NP    SI_07_NP    TP_01_NP    TP_02_NP    TP_03_NP    TP_04_NP
   TP_05_NP    TP_06_NP    TR_01_PC    TR_02_PC    TR_03_PC    TR_04_PC
   CL_01_PC    CL_02_PC    CL_03_PC    IE_01_PC    IE_02_PC    IE_03_PC
   IE_04_PC    IE_05_PC

Observed independent variables
   KE_01_PC    I_EXP       I_WIS

Continuous latent variables
   TPW         CLW         IEW         TRW         TPB         DI
   SI

Variables with special functions

  Cluster variable      IDNUM

  Within variables
   TR_01_PC    TR_02_PC    TR_03_PC    TR_04_PC    KE_01_PC    CL_01_PC
   CL_02_PC    CL_03_PC    IE_01_PC    IE_02_PC    IE_03_PC    IE_04_PC
   IE_05_PC

  Between variables
   DI_01_NP    DI_02_NP    DI_03_NP    DI_04_NP    DI_05_NP    DI_06_NP
   DI_07_NP    DI_08_NP    DI_09_NP    DI_10_NP    DI_11_NP    DI_12_NP
   DI_13_NP    SI_01_NP    SI_02_NP    SI_03_NP    SI_04_NP    SI_05_NP
   SI_06_NP    SI_07_NP    I_EXP       I_WIS


Estimator                                                      MLR
Information matrix                                        OBSERVED
Maximum number of iterations                                   100
Convergence criterion                                    0.100D-05
Maximum number of EM iterations                                500
Convergence criteria for the EM algorithm
  Loglikelihood change                                   0.100D-02
  Relative loglikelihood change                          0.100D-05
  Derivative                                             0.100D-03
Minimum variance                                         0.100D-03
Maximum number of steepest descent iterations                   20
Maximum number of iterations for H1                           2000
Convergence criterion for H1                             0.100D-03
Optimization algorithm                                         EMA

Input data file(s)
  MLSEM_fin.dat
Input data format  FREE


SUMMARY OF DATA

     Number of missing data patterns           151
     Number of clusters                        318

     Average cluster size        5.849

     Estimated Intraclass Correlations for the Y Variables

                Intraclass              Intraclass              Intraclass
     Variable  Correlation   Variable  Correlation   Variable  Correlation

     TP_01_NP     0.222      TP_02_NP     0.216      TP_03_NP     0.249
     TP_04_NP     0.298      TP_05_NP     0.224      TP_06_NP     0.263
     TR_01_PC     0.000      TR_02_PC     0.000      TR_03_PC     0.000
     TR_04_PC     0.000      CL_01_PC     0.000      CL_02_PC     0.000
     CL_03_PC     0.000      IE_01_PC     0.000      IE_02_PC     0.000
     IE_03_PC     0.000      IE_04_PC     0.000      IE_05_PC     0.000



COVARIANCE COVERAGE OF DATA

Minimum covariance coverage value   0.100


     PROPORTION OF DATA PRESENT


           Covariance Coverage
              DI_01_NP      DI_02_NP      DI_03_NP      DI_04_NP      DI_05_NP
              ________      ________      ________      ________      ________
 DI_01_NP       0.935
 DI_02_NP       0.917         0.967
 DI_03_NP       0.927         0.947         0.963
 DI_04_NP       0.927         0.957         0.954         0.973
 DI_05_NP       0.933         0.951         0.957         0.960         0.967
 DI_06_NP       0.927         0.944         0.944         0.951         0.951
 DI_07_NP       0.930         0.947         0.947         0.957         0.957
 DI_08_NP       0.924         0.930         0.937         0.940         0.946
 DI_09_NP       0.924         0.930         0.933         0.940         0.943
 DI_10_NP       0.932         0.927         0.937         0.937         0.943
 DI_11_NP       0.935         0.933         0.940         0.943         0.946
 DI_12_NP       0.923         0.920         0.924         0.927         0.933
 DI_13_NP       0.923         0.920         0.924         0.927         0.930
 SI_01_NP       0.929         0.957         0.954         0.963         0.957
 SI_02_NP       0.929         0.960         0.957         0.967         0.960
 SI_03_NP       0.923         0.952         0.948         0.958         0.952
 SI_04_NP       0.926         0.952         0.952         0.958         0.952
 SI_05_NP       0.919         0.951         0.947         0.957         0.951
 SI_06_NP       0.923         0.954         0.951         0.960         0.954
 SI_07_NP       0.926         0.957         0.954         0.963         0.957
 TP_01_NP       0.931         0.961         0.959         0.967         0.962
 TP_02_NP       0.931         0.962         0.959         0.967         0.961
 TP_03_NP       0.930         0.960         0.958         0.966         0.960
 TP_04_NP       0.927         0.960         0.955         0.965         0.958
 TP_05_NP       0.929         0.960         0.957         0.965         0.960
 TP_06_NP       0.928         0.959         0.956         0.965         0.959
 TR_01_PC       0.911         0.938         0.935         0.944         0.938
 TR_02_PC       0.925         0.954         0.953         0.960         0.955
 TR_03_PC       0.914         0.937         0.939         0.943         0.942
 TR_04_PC       0.926         0.952         0.953         0.957         0.954
 CL_01_PC       0.932         0.962         0.960         0.968         0.962
 CL_02_PC       0.932         0.962         0.961         0.968         0.962
 CL_03_PC       0.910         0.939         0.938         0.944         0.940
 IE_01_PC       0.933         0.962         0.960         0.968         0.963
 IE_02_PC       0.931         0.961         0.959         0.967         0.961
 IE_03_PC       0.926         0.957         0.954         0.963         0.956
 IE_04_PC       0.930         0.959         0.956         0.964         0.959
 IE_05_PC       0.927         0.958         0.955         0.964         0.958
 KE_01_PC       0.935         0.967         0.963         0.973         0.967
 I_EXP          0.935         0.967         0.963         0.973         0.967
 I_WIS          0.935         0.967         0.963         0.973         0.967


           Covariance Coverage
              DI_06_NP      DI_07_NP      DI_08_NP      DI_09_NP      DI_10_NP
              ________      ________      ________      ________      ________
 DI_06_NP       0.957
 DI_07_NP       0.951         0.963
 DI_08_NP       0.937         0.946         0.946
 DI_09_NP       0.940         0.946         0.937         0.946
 DI_10_NP       0.937         0.940         0.933         0.933         0.947
 DI_11_NP       0.940         0.946         0.937         0.937         0.947
 DI_12_NP       0.927         0.930         0.924         0.924         0.934
 DI_13_NP       0.930         0.930         0.924         0.924         0.929
 SI_01_NP       0.947         0.954         0.937         0.937         0.937
 SI_02_NP       0.951         0.957         0.940         0.940         0.940
 SI_03_NP       0.942         0.948         0.933         0.933         0.934
 SI_04_NP       0.945         0.948         0.933         0.933         0.937
 SI_05_NP       0.941         0.947         0.930         0.930         0.931
 SI_06_NP       0.944         0.951         0.933         0.933         0.934
 SI_07_NP       0.947         0.954         0.937         0.937         0.937
 TP_01_NP       0.953         0.958         0.941         0.941         0.943
 TP_02_NP       0.952         0.958         0.941         0.941         0.942
 TP_03_NP       0.952         0.957         0.940         0.940         0.941
 TP_04_NP       0.951         0.955         0.938         0.938         0.939
 TP_05_NP       0.951         0.956         0.939         0.939         0.940
 TP_06_NP       0.949         0.956         0.939         0.939         0.940
 TR_01_PC       0.930         0.934         0.920         0.917         0.920
 TR_02_PC       0.945         0.952         0.935         0.934         0.936
 TR_03_PC       0.932         0.935         0.923         0.921         0.923
 TR_04_PC       0.946         0.948         0.934         0.933         0.937
 CL_01_PC       0.953         0.959         0.942         0.942         0.943
 CL_02_PC       0.952         0.959         0.942         0.942         0.943
 CL_03_PC       0.931         0.934         0.920         0.920         0.922
 IE_01_PC       0.953         0.960         0.943         0.943         0.944
 IE_02_PC       0.952         0.958         0.941         0.941         0.942
 IE_03_PC       0.948         0.953         0.936         0.936         0.937
 IE_04_PC       0.949         0.955         0.939         0.939         0.941
 IE_05_PC       0.948         0.955         0.938         0.938         0.938
 KE_01_PC       0.957         0.963         0.946         0.946         0.947
 I_EXP          0.957         0.963         0.946         0.946         0.947
 I_WIS          0.957         0.963         0.946         0.946         0.947


           Covariance Coverage
              DI_11_NP      DI_12_NP      DI_13_NP      SI_01_NP      SI_02_NP
              ________      ________      ________      ________      ________
 DI_11_NP       0.953
 DI_12_NP       0.934         0.937
 DI_13_NP       0.932         0.923         0.938
 SI_01_NP       0.944         0.927         0.928         0.990
 SI_02_NP       0.947         0.931         0.932         0.990         0.994
 SI_03_NP       0.940         0.924         0.925         0.981         0.984
 SI_04_NP       0.944         0.924         0.928         0.981         0.984
 SI_05_NP       0.937         0.921         0.922         0.980         0.983
 SI_06_NP       0.940         0.924         0.925         0.983         0.987
 SI_07_NP       0.944         0.927         0.928         0.987         0.990
 TP_01_NP       0.948         0.933         0.933         0.983         0.987
 TP_02_NP       0.949         0.933         0.934         0.984         0.988
 TP_03_NP       0.948         0.931         0.932         0.982         0.985
 TP_04_NP       0.945         0.930         0.931         0.981         0.984
 TP_05_NP       0.947         0.931         0.933         0.982         0.985
 TP_06_NP       0.946         0.930         0.929         0.980         0.983
 TR_01_PC       0.926         0.910         0.915         0.959         0.962
 TR_02_PC       0.942         0.925         0.926         0.976         0.979
 TR_03_PC       0.926         0.913         0.915         0.960         0.963
 TR_04_PC       0.941         0.926         0.926         0.970         0.974
 CL_01_PC       0.949         0.933         0.934         0.985         0.989
 CL_02_PC       0.949         0.933         0.934         0.985         0.988
 CL_03_PC       0.925         0.911         0.913         0.957         0.960
 IE_01_PC       0.951         0.934         0.935         0.985         0.989
 IE_02_PC       0.948         0.932         0.933         0.984         0.988
 IE_03_PC       0.944         0.927         0.928         0.979         0.982
 IE_04_PC       0.947         0.931         0.932         0.981         0.984
 IE_05_PC       0.945         0.928         0.931         0.981         0.984
 KE_01_PC       0.953         0.937         0.938         0.990         0.994
 I_EXP          0.953         0.937         0.938         0.990         0.994
 I_WIS          0.953         0.937         0.938         0.990         0.994


           Covariance Coverage
              SI_03_NP      SI_04_NP      SI_05_NP      SI_06_NP      SI_07_NP
              ________      ________      ________      ________      ________
 SI_03_NP       0.984
 SI_04_NP       0.975         0.984
 SI_05_NP       0.977         0.975         0.983
 SI_06_NP       0.981         0.978         0.980         0.987
 SI_07_NP       0.984         0.981         0.983         0.987         0.990
 TP_01_NP       0.978         0.978         0.977         0.980         0.984
 TP_02_NP       0.978         0.979         0.977         0.981         0.984
 TP_03_NP       0.976         0.977         0.975         0.978         0.982
 TP_04_NP       0.976         0.976         0.975         0.978         0.982
 TP_05_NP       0.976         0.976         0.975         0.978         0.982
 TP_06_NP       0.974         0.975         0.974         0.976         0.980
 TR_01_PC       0.953         0.955         0.953         0.956         0.959
 TR_02_PC       0.970         0.971         0.969         0.973         0.976
 TR_03_PC       0.954         0.955         0.953         0.957         0.960
 TR_04_PC       0.965         0.967         0.963         0.968         0.970
 CL_01_PC       0.980         0.980         0.978         0.982         0.985
 CL_02_PC       0.979         0.980         0.978         0.981         0.985
 CL_03_PC       0.952         0.952         0.951         0.954         0.958
 IE_01_PC       0.980         0.980         0.979         0.982         0.986
 IE_02_PC       0.979         0.979         0.978         0.981         0.985
 IE_03_PC       0.973         0.974         0.972         0.975         0.979
 IE_04_PC       0.975         0.977         0.975         0.977         0.981
 IE_05_PC       0.976         0.975         0.975         0.978         0.982
 KE_01_PC       0.984         0.984         0.983         0.987         0.990
 I_EXP          0.984         0.984         0.983         0.987         0.990
 I_WIS          0.984         0.984         0.983         0.987         0.990


           Covariance Coverage
              TP_01_NP      TP_02_NP      TP_03_NP      TP_04_NP      TP_05_NP
              ________      ________      ________      ________      ________
 TP_01_NP       0.993
 TP_02_NP       0.988         0.994
 TP_03_NP       0.986         0.988         0.991
 TP_04_NP       0.986         0.987         0.985         0.991
 TP_05_NP       0.985         0.987         0.984         0.984         0.991
 TP_06_NP       0.983         0.984         0.983         0.981         0.981
 TR_01_PC       0.962         0.963         0.961         0.960         0.962
 TR_02_PC       0.980         0.980         0.977         0.977         0.978
 TR_03_PC       0.965         0.963         0.961         0.962         0.963
 TR_04_PC       0.976         0.976         0.974         0.974         0.973
 CL_01_PC       0.989         0.991         0.988         0.988         0.988
 CL_02_PC       0.988         0.991         0.988         0.986         0.987
 CL_03_PC       0.962         0.962         0.960         0.959         0.960
 IE_01_PC       0.990         0.991         0.988         0.988         0.988
 IE_02_PC       0.988         0.990         0.988         0.986         0.986
 IE_03_PC       0.983         0.984         0.982         0.981         0.981
 IE_04_PC       0.985         0.986         0.983         0.982         0.983
 IE_05_PC       0.985         0.987         0.983         0.985         0.983
 KE_01_PC       0.993         0.994         0.991         0.991         0.991
 I_EXP          0.993         0.994         0.991         0.991         0.991
 I_WIS          0.993         0.994         0.991         0.991         0.991


           Covariance Coverage
              TP_06_NP      TR_01_PC      TR_02_PC      TR_03_PC      TR_04_PC
              ________      ________      ________      ________      ________
 TP_06_NP       0.989
 TR_01_PC       0.958         0.969
 TR_02_PC       0.975         0.958         0.985
 TR_03_PC       0.959         0.948         0.960         0.969
 TR_04_PC       0.972         0.957         0.971         0.958         0.980
 CL_01_PC       0.984         0.964         0.981         0.965         0.976
 CL_02_PC       0.984         0.964         0.981         0.965         0.976
 CL_03_PC       0.956         0.940         0.955         0.947         0.954
 IE_01_PC       0.984         0.965         0.982         0.966         0.976
 IE_02_PC       0.983         0.964         0.980         0.965         0.975
 IE_03_PC       0.979         0.958         0.975         0.959         0.970
 IE_04_PC       0.980         0.960         0.978         0.961         0.972
 IE_05_PC       0.981         0.960         0.977         0.961         0.971
 KE_01_PC       0.989         0.969         0.985         0.969         0.980
 I_EXP          0.989         0.969         0.985         0.969         0.980
 I_WIS          0.989         0.969         0.985         0.969         0.980


           Covariance Coverage
              CL_01_PC      CL_02_PC      CL_03_PC      IE_01_PC      IE_02_PC
              ________      ________      ________      ________      ________
 CL_01_PC       0.995
 CL_02_PC       0.991         0.995
 CL_03_PC       0.962         0.963         0.967
 IE_01_PC       0.991         0.991         0.963         0.995
 IE_02_PC       0.991         0.991         0.962         0.991         0.994
 IE_03_PC       0.985         0.984         0.956         0.985         0.985
 IE_04_PC       0.987         0.987         0.958         0.988         0.987
 IE_05_PC       0.988         0.986         0.959         0.988         0.987
 KE_01_PC       0.995         0.995         0.967         0.995         0.994
 I_EXP          0.995         0.995         0.967         0.995         0.994
 I_WIS          0.995         0.995         0.967         0.995         0.994


           Covariance Coverage
              IE_03_PC      IE_04_PC      IE_05_PC      KE_01_PC      I_EXP
              ________      ________      ________      ________      ________
 IE_03_PC       0.989
 IE_04_PC       0.982         0.990
 IE_05_PC       0.981         0.982         0.991
 KE_01_PC       0.989         0.990         0.991         1.000
 I_EXP          0.989         0.990         0.991         1.000         1.000
 I_WIS          0.989         0.990         0.991         1.000         1.000


           Covariance Coverage
              I_WIS
              ________
 I_WIS          1.000



THE MODEL ESTIMATION TERMINATED NORMALLY



MODEL FIT INFORMATION

Number of Free Parameters                      142

Loglikelihood

          H0 Value                      -45028.125
          H0 Scaling Correction Factor      1.4326
            for MLR
          H1 Value                      -44552.924
          H1 Scaling Correction Factor      1.2289
            for MLR

Information Criteria

          Akaike (AIC)                   90340.251
          Bayesian (BIC)                 91125.274
          Sample-Size Adjusted BIC       90674.143
            (n* = (n + 2) / 24)

Chi-Square Test of Model Fit

          Value                            812.534*
          Degrees of Freedom                   488
          P-Value                           0.0000
          Scaling Correction Factor         1.1697
            for MLR

*   The chi-square value for MLM, MLMV, MLR, ULSMV, WLSM and WLSMV cannot be used
    for chi-square difference testing in the regular way.  MLM, MLR and WLSM
    chi-square difference testing is described on the Mplus website.  MLMV, WLSMV,
    and ULSMV difference testing is done using the DIFFTEST option.

RMSEA (Root Mean Square Error Of Approximation)

          Estimate                           0.019

CFI/TLI

          CFI                                0.970
          TLI                                0.966

Chi-Square Test of Model Fit for the Baseline Model

          Value                          11299.830
          Degrees of Freedom                   548
          P-Value                           0.0000

SRMR (Standardized Root Mean Square Residual)

          Value for Within                   0.031
          Value for Between                  0.067



MODEL RESULTS

                                                    Two-Tailed
                    Estimate       S.E.  Est./S.E.    P-Value

Within Level

 TPW      BY
    TP_01_NP           1.000      0.000    999.000    999.000
    TP_02_NP           0.158      0.055      2.858      0.004
    TP_03_NP           0.903      0.028     32.056      0.000
    TP_04_NP           0.663      0.035     18.793      0.000
    TP_05_NP           0.942      0.032     29.178      0.000
    TP_06_NP           0.686      0.033     20.532      0.000

 CLW      BY
    CL_01_PC           1.000      0.000    999.000    999.000
    CL_02_PC           0.739      0.066     11.248      0.000
    CL_03_PC           0.497      0.062      7.992      0.000

 IEW      BY
    IE_01_PC           1.000      0.000    999.000    999.000
    IE_02_PC           0.966      0.018     54.400      0.000
    IE_03_PC           0.845      0.025     34.069      0.000
    IE_04_PC           0.341      0.026     13.058      0.000
    IE_05_PC           0.579      0.032     17.992      0.000

 TRW      BY
    TR_01_PC           1.000      0.000    999.000    999.000
    TR_02_PC           1.729      0.164     10.525      0.000
    TR_03_PC           1.301      0.125     10.435      0.000
    TR_04_PC           1.621      0.178      9.102      0.000

 TPW        ON
    CLW               -0.119      0.031     -3.872      0.000
    IEW                0.165      0.022      7.454      0.000
    TRW               -0.987      0.119     -8.306      0.000

 TPW        ON
    KE_01_PC           0.048      0.025      1.938      0.053

 TRW        ON
    KE_01_PC          -0.116      0.016     -7.343      0.000

 CLW        ON
    KE_01_PC          -0.248      0.031     -8.023      0.000

 IEW        ON
    KE_01_PC           0.374      0.039      9.530      0.000

 TRW      WITH
    IEW               -0.071      0.012     -5.982      0.000
    CLW                0.000      0.006     -0.055      0.956

 IEW      WITH
    CLW               -0.175      0.026     -6.843      0.000

 IE_05_PC WITH
    IE_03_PC           0.116      0.024      4.947      0.000

 Intercepts
    TR_01_PC          -0.001      0.001     -1.359      0.174
    TR_02_PC           0.003      0.002      1.601      0.109
    TR_03_PC          -0.001      0.001     -0.730      0.466
    TR_04_PC           0.002      0.002      1.068      0.285
    CL_01_PC          -0.002      0.001     -1.522      0.128
    CL_02_PC          -0.002      0.002     -1.230      0.219
    CL_03_PC          -0.002      0.002     -1.169      0.242
    IE_01_PC           0.001      0.002      0.247      0.805
    IE_02_PC           0.001      0.002      0.374      0.709
    IE_03_PC           0.002      0.003      0.771      0.441
    IE_04_PC           0.001      0.002      0.732      0.464
    IE_05_PC          -0.001      0.004     -0.153      0.878

 Residual Variances
    TP_01_NP           0.269      0.017     16.158      0.000
    TP_02_NP           0.746      0.033     22.788      0.000
    TP_03_NP           0.216      0.012     17.861      0.000
    TP_04_NP           0.477      0.024     19.954      0.000
    TP_05_NP           0.270      0.018     15.054      0.000
    TP_06_NP           0.356      0.018     19.480      0.000
    TR_01_PC           0.263      0.016     16.737      0.000
    TR_02_PC           0.271      0.021     13.231      0.000
    TR_03_PC           0.314      0.019     16.455      0.000
    TR_04_PC           0.235      0.020     11.806      0.000
    CL_01_PC           0.153      0.031      4.961      0.000
    CL_02_PC           0.307      0.031     10.063      0.000
    CL_03_PC           0.323      0.026     12.538      0.000
    IE_01_PC           0.187      0.018     10.632      0.000
    IE_02_PC           0.170      0.024      7.184      0.000
    IE_03_PC           0.533      0.034     15.909      0.000
    IE_04_PC           0.390      0.033     11.791      0.000
    IE_05_PC           0.862      0.051     16.863      0.000
    TPW                0.279      0.020     14.143      0.000
    CLW                0.367      0.038      9.645      0.000
    IEW                0.940      0.046     20.570      0.000
    TRW                0.067      0.012      5.487      0.000

Between Level

 TPB      BY
    TP_01_NP           1.000      0.000    999.000    999.000
    TP_02_NP           0.438      0.123      3.553      0.000
    TP_03_NP           1.024      0.059     17.361      0.000
    TP_04_NP           0.766      0.100      7.635      0.000
    TP_05_NP           0.989      0.067     14.809      0.000
    TP_06_NP           1.026      0.070     14.680      0.000

 DI       BY
    DI_01_NP           1.000      0.000    999.000    999.000
    DI_02_NP           1.138      0.363      3.133      0.002
    DI_03_NP           1.194      0.340      3.511      0.000
    DI_04_NP           0.812      0.320      2.536      0.011
    DI_05_NP           0.687      0.334      2.058      0.040
    DI_06_NP           1.227      0.292      4.200      0.000
    DI_07_NP           1.278      0.449      2.849      0.004
    DI_08_NP           1.289      0.489      2.638      0.008
    DI_09_NP           1.341      0.422      3.176      0.001
    DI_10_NP           1.129      0.425      2.654      0.008
    DI_11_NP           1.354      0.475      2.852      0.004
    DI_12_NP           1.037      0.267      3.890      0.000
    DI_13_NP           1.700      0.505      3.367      0.001

 SI       BY
    SI_01_NP           1.000      0.000    999.000    999.000
    SI_02_NP           0.908      0.066     13.797      0.000
    SI_03_NP           1.004      0.084     11.950      0.000
    SI_04_NP           0.976      0.084     11.640      0.000
    SI_05_NP           0.798      0.088      9.056      0.000
    SI_06_NP           0.249      0.068      3.672      0.000
    SI_07_NP           0.714      0.082      8.755      0.000

 TPB        ON
    DI                 0.331      0.114      2.901      0.004
    SI                 0.127      0.026      4.829      0.000

 TPB        ON
    I_EXP             -0.014      0.033     -0.440      0.660
    I_WIS              0.018      0.033      0.551      0.582

 SI       WITH
    DI                 0.119      0.059      2.026      0.043

 Intercepts
    DI_01_NP           1.097      0.083     13.196      0.000
    DI_02_NP           1.284      0.098     13.035      0.000
    DI_03_NP           1.071      0.089     12.016      0.000
    DI_04_NP           0.715      0.080      8.892      0.000
    DI_05_NP           0.566      0.073      7.725      0.000
    DI_06_NP           1.573      0.081     19.400      0.000
    DI_07_NP           0.178      0.107      1.663      0.096
    DI_08_NP           0.309      0.085      3.633      0.000
    DI_09_NP           0.886      0.089      9.989      0.000
    DI_10_NP           0.753      0.083      9.048      0.000
    DI_11_NP           0.709      0.100      7.105      0.000
    DI_12_NP           0.895      0.081     11.107      0.000
    DI_13_NP           1.329      0.078     17.112      0.000
    SI_01_NP           4.093      0.089     46.065      0.000
    SI_02_NP           3.545      0.079     44.932      0.000
    SI_03_NP           3.766      0.084     44.901      0.000
    SI_04_NP           3.356      0.083     40.377      0.000
    SI_05_NP           2.936      0.090     32.623      0.000
    SI_06_NP           5.393      0.060     90.302      0.000
    SI_07_NP           2.388      0.075     31.795      0.000
    TP_01_NP           2.941      0.031     95.745      0.000
    TP_02_NP           2.740      0.033     83.764      0.000
    TP_03_NP           2.979      0.029    102.150      0.000
    TP_04_NP           2.270      0.035     65.359      0.000
    TP_05_NP           2.748      0.030     91.879      0.000
    TP_06_NP           2.890      0.030     96.992      0.000

 Variances
    DI                 0.249      0.136      1.835      0.067
    SI                 1.271      0.163      7.800      0.000

 Residual Variances
    DI_01_NP           1.768      0.196      9.027      0.000
    DI_02_NP           2.624      0.283      9.286      0.000
    DI_03_NP           2.048      0.210      9.745      0.000
    DI_04_NP           1.808      0.168     10.795      0.000
    DI_05_NP           1.521      0.192      7.917      0.000
    DI_06_NP           1.596      0.190      8.384      0.000
    DI_07_NP           3.042      0.238     12.756      0.000
    DI_08_NP           1.729      0.171     10.100      0.000
    DI_09_NP           1.865      0.178     10.480      0.000
    DI_10_NP           1.741      0.173     10.087      0.000
    DI_11_NP           2.545      0.322      7.913      0.000
    DI_12_NP           1.659      0.201      8.244      0.000
    DI_13_NP           1.069      0.115      9.309      0.000
    SI_01_NP           1.227      0.119     10.328      0.000
    SI_02_NP           0.921      0.105      8.809      0.000
    SI_03_NP           0.927      0.132      7.001      0.000
    SI_04_NP           0.956      0.115      8.275      0.000
    SI_05_NP           1.725      0.158     10.913      0.000
    SI_06_NP           1.041      0.146      7.143      0.000
    SI_07_NP           1.132      0.123      9.221      0.000
    TP_01_NP           0.030      0.008      3.618      0.000
    TP_02_NP           0.175      0.029      5.962      0.000
    TP_03_NP           0.019      0.008      2.209      0.027
    TP_04_NP           0.166      0.025      6.738      0.000
    TP_05_NP           0.025      0.008      2.962      0.003
    TP_06_NP           0.021      0.010      2.095      0.036
    TPB                0.109      0.021      5.091      0.000


STANDARDIZED MODEL RESULTS


STDYX Standardization

                                                    Two-Tailed
                    Estimate       S.E.  Est./S.E.    P-Value

Within Level

 TPW      BY
    TP_01_NP           0.788      0.013     59.476      0.000
    TP_02_NP           0.120      0.042      2.867      0.004
    TP_03_NP           0.790      0.014     55.574      0.000
    TP_04_NP           0.538      0.022     24.456      0.000
    TP_05_NP           0.769      0.017     45.425      0.000
    TP_06_NP           0.607      0.023     25.867      0.000

 CLW      BY
    CL_01_PC           0.851      0.033     25.672      0.000
    CL_02_PC           0.645      0.038     16.819      0.000
    CL_03_PC           0.484      0.045     10.779      0.000

 IEW      BY
    IE_01_PC           0.919      0.008    113.518      0.000
    IE_02_PC           0.921      0.011     82.283      0.000
    IE_03_PC           0.760      0.016     46.055      0.000
    IE_04_PC           0.482      0.027     17.581      0.000
    IE_05_PC           0.533      0.024     22.106      0.000

 TRW      BY
    TR_01_PC           0.470      0.037     12.753      0.000
    TR_02_PC           0.671      0.026     25.592      0.000
    TR_03_PC           0.535      0.030     17.712      0.000
    TR_04_PC           0.674      0.032     21.229      0.000

 TPW        ON
    CLW               -0.114      0.028     -4.108      0.000
    IEW                0.251      0.032      7.913      0.000
    TRW               -0.405      0.041     -9.921      0.000

 TPW        ON
    KE_01_PC           0.055      0.028      1.938      0.053

 TRW        ON
    KE_01_PC          -0.321      0.032    -10.101      0.000

 CLW        ON
    KE_01_PC          -0.295      0.035     -8.324      0.000

 IEW        ON
    KE_01_PC           0.279      0.028      9.875      0.000

 TRW      WITH
    IEW               -0.284      0.033     -8.495      0.000
    CLW               -0.002      0.039     -0.055      0.956

 IEW      WITH
    CLW               -0.297      0.035     -8.396      0.000

 IE_05_PC WITH
    IE_03_PC           0.172      0.033      5.186      0.000

 Intercepts
    TR_01_PC          -0.002      0.001     -1.361      0.173
    TR_02_PC           0.004      0.002      1.597      0.110
    TR_03_PC          -0.002      0.002     -0.730      0.465
    TR_04_PC           0.003      0.002      1.068      0.286
    CL_01_PC          -0.003      0.002     -1.526      0.127
    CL_02_PC          -0.003      0.003     -1.227      0.220
    CL_03_PC          -0.003      0.003     -1.173      0.241
    IE_01_PC           0.000      0.002      0.247      0.805
    IE_02_PC           0.001      0.002      0.374      0.709
    IE_03_PC           0.002      0.003      0.772      0.440
    IE_04_PC           0.002      0.003      0.734      0.463
    IE_05_PC          -0.001      0.004     -0.153      0.878

 Residual Variances
    TP_01_NP           0.379      0.021     18.123      0.000
    TP_02_NP           0.986      0.010     97.505      0.000
    TP_03_NP           0.375      0.022     16.698      0.000
    TP_04_NP           0.711      0.024     30.046      0.000
    TP_05_NP           0.408      0.026     15.663      0.000
    TP_06_NP           0.631      0.029     22.130      0.000
    TR_01_PC           0.780      0.035     22.548      0.000
    TR_02_PC           0.550      0.035     15.618      0.000
    TR_03_PC           0.714      0.032     22.072      0.000
    TR_04_PC           0.546      0.043     12.769      0.000
    CL_01_PC           0.276      0.056      4.888      0.000
    CL_02_PC           0.584      0.050     11.790      0.000
    CL_03_PC           0.766      0.043     17.609      0.000
    IE_01_PC           0.155      0.015     10.405      0.000
    IE_02_PC           0.152      0.021      7.357      0.000
    IE_03_PC           0.423      0.025     16.876      0.000
    IE_04_PC           0.767      0.026     29.015      0.000
    IE_05_PC           0.716      0.026     27.891      0.000
    TPW                0.632      0.031     20.388      0.000
    CLW                0.913      0.021     43.792      0.000
    IEW                0.922      0.016     58.401      0.000
    TRW                0.897      0.020     43.923      0.000

Between Level

 TPB      BY
    TP_01_NP           0.920      0.023     39.754      0.000
    TP_02_NP           0.393      0.104      3.782      0.000
    TP_03_NP           0.950      0.022     43.929      0.000
    TP_04_NP           0.609      0.072      8.517      0.000
    TP_05_NP           0.932      0.024     38.534      0.000
    TP_06_NP           0.945      0.027     35.325      0.000

 DI       BY
    DI_01_NP           0.351      0.092      3.799      0.000
    DI_02_NP           0.331      0.081      4.098      0.000
    DI_03_NP           0.384      0.073      5.261      0.000
    DI_04_NP           0.288      0.068      4.212      0.000
    DI_05_NP           0.268      0.085      3.129      0.002
    DI_06_NP           0.436      0.082      5.298      0.000
    DI_07_NP           0.343      0.069      4.965      0.000
    DI_08_NP           0.439      0.073      5.985      0.000
    DI_09_NP           0.440      0.065      6.734      0.000
    DI_10_NP           0.392      0.067      5.820      0.000
    DI_11_NP           0.390      0.079      4.949      0.000
    DI_12_NP           0.373      0.064      5.802      0.000
    DI_13_NP           0.634      0.054     11.842      0.000

 SI       BY
    SI_01_NP           0.713      0.034     20.877      0.000
    SI_02_NP           0.730      0.039     18.791      0.000
    SI_03_NP           0.762      0.039     19.296      0.000
    SI_04_NP           0.748      0.037     20.077      0.000
    SI_05_NP           0.565      0.050     11.407      0.000
    SI_06_NP           0.265      0.058      4.586      0.000
    SI_07_NP           0.603      0.047     12.829      0.000

 TPB        ON
    DI                 0.405      0.090      4.505      0.000
    SI                 0.350      0.070      5.035      0.000

 TPB        ON
    I_EXP             -0.029      0.066     -0.439      0.661
    I_WIS              0.036      0.066      0.549      0.583

 SI       WITH
    DI                 0.212      0.080      2.661      0.008

 Intercepts
    DI_01_NP           0.773      0.073     10.613      0.000
    DI_02_NP           0.748      0.074     10.136      0.000
    DI_03_NP           0.691      0.072      9.624      0.000
    DI_04_NP           0.509      0.066      7.707      0.000
    DI_05_NP           0.442      0.065      6.754      0.000
    DI_06_NP           1.121      0.081     13.752      0.000
    DI_07_NP           0.096      0.058      1.658      0.097
    DI_08_NP           0.211      0.060      3.530      0.000
    DI_09_NP           0.583      0.067      8.664      0.000
    DI_10_NP           0.525      0.066      8.006      0.000
    DI_11_NP           0.410      0.065      6.259      0.000
    DI_12_NP           0.645      0.073      8.807      0.000
    DI_13_NP           0.994      0.074     13.479      0.000
    SI_01_NP           2.590      0.115     22.594      0.000
    SI_02_NP           2.526      0.099     25.629      0.000
    SI_03_NP           2.535      0.098     25.877      0.000
    SI_04_NP           2.280      0.078     29.368      0.000
    SI_05_NP           1.844      0.060     30.895      0.000
    SI_06_NP           5.096      0.428     11.916      0.000
    SI_07_NP           1.789      0.059     30.109      0.000
    TP_01_NP           6.630      0.434     15.272      0.000
    TP_02_NP           6.023      0.422     14.268      0.000
    TP_03_NP           6.776      0.479     14.153      0.000
    TP_04_NP           4.423      0.272     16.285      0.000
    TP_05_NP           6.349      0.459     13.829      0.000
    TP_06_NP           6.527      0.440     14.836      0.000

 Variances
    DI                 1.000      0.000    999.000    999.000
    SI                 1.000      0.000    999.000    999.000

 Residual Variances
    DI_01_NP           0.877      0.065     13.505      0.000
    DI_02_NP           0.891      0.053     16.689      0.000
    DI_03_NP           0.852      0.056     15.202      0.000
    DI_04_NP           0.917      0.039     23.255      0.000
    DI_05_NP           0.928      0.046     20.298      0.000
    DI_06_NP           0.810      0.072     11.292      0.000
    DI_07_NP           0.882      0.047     18.587      0.000
    DI_08_NP           0.807      0.064     12.521      0.000
    DI_09_NP           0.807      0.057     14.038      0.000
    DI_10_NP           0.846      0.053     15.992      0.000
    DI_11_NP           0.848      0.061     13.821      0.000
    DI_12_NP           0.861      0.048     18.000      0.000
    DI_13_NP           0.598      0.068      8.804      0.000
    SI_01_NP           0.491      0.049     10.078      0.000
    SI_02_NP           0.468      0.057      8.252      0.000
    SI_03_NP           0.420      0.060      6.982      0.000
    SI_04_NP           0.441      0.056      7.920      0.000
    SI_05_NP           0.681      0.056     12.165      0.000
    SI_06_NP           0.930      0.031     30.377      0.000
    SI_07_NP           0.636      0.057     11.209      0.000
    TP_01_NP           0.154      0.043      3.630      0.000
    TP_02_NP           0.846      0.082     10.355      0.000
    TP_03_NP           0.097      0.041      2.356      0.018
    TP_04_NP           0.629      0.087      7.218      0.000
    TP_05_NP           0.131      0.045      2.912      0.004
    TP_06_NP           0.107      0.051      2.113      0.035
    TPB                0.652      0.081      8.051      0.000


STDY Standardization

                                                    Two-Tailed
                    Estimate       S.E.  Est./S.E.    P-Value

Within Level

 TPW      BY
    TP_01_NP           0.788      0.013     59.476      0.000
    TP_02_NP           0.120      0.042      2.867      0.004
    TP_03_NP           0.790      0.014     55.574      0.000
    TP_04_NP           0.538      0.022     24.456      0.000
    TP_05_NP           0.769      0.017     45.425      0.000
    TP_06_NP           0.607      0.023     25.867      0.000

 CLW      BY
    CL_01_PC           0.851      0.033     25.672      0.000
    CL_02_PC           0.645      0.038     16.819      0.000
    CL_03_PC           0.484      0.045     10.779      0.000

 IEW      BY
    IE_01_PC           0.919      0.008    113.518      0.000
    IE_02_PC           0.921      0.011     82.283      0.000
    IE_03_PC           0.760      0.016     46.055      0.000
    IE_04_PC           0.482      0.027     17.581      0.000
    IE_05_PC           0.533      0.024     22.106      0.000

 TRW      BY
    TR_01_PC           0.470      0.037     12.753      0.000
    TR_02_PC           0.671      0.026     25.592      0.000
    TR_03_PC           0.535      0.030     17.712      0.000
    TR_04_PC           0.674      0.032     21.229      0.000

 TPW        ON
    CLW               -0.114      0.028     -4.108      0.000
    IEW                0.251      0.032      7.913      0.000
    TRW               -0.405      0.041     -9.921      0.000

 TPW        ON
    KE_01_PC           0.073      0.037      1.939      0.052

 TRW        ON
    KE_01_PC          -0.427      0.042    -10.213      0.000

 CLW        ON
    KE_01_PC          -0.391      0.047     -8.388      0.000

 IEW        ON
    KE_01_PC           0.371      0.037      9.986      0.000

 TRW      WITH
    IEW               -0.284      0.033     -8.495      0.000
    CLW               -0.002      0.039     -0.055      0.956

 IEW      WITH
    CLW               -0.297      0.035     -8.396      0.000

 IE_05_PC WITH
    IE_03_PC           0.172      0.033      5.186      0.000

 Intercepts
    TR_01_PC          -0.002      0.001     -1.361      0.173
    TR_02_PC           0.004      0.002      1.597      0.110
    TR_03_PC          -0.002      0.002     -0.730      0.465
    TR_04_PC           0.003      0.002      1.068      0.286
    CL_01_PC          -0.003      0.002     -1.526      0.127
    CL_02_PC          -0.003      0.003     -1.227      0.220
    CL_03_PC          -0.003      0.003     -1.173      0.241
    IE_01_PC           0.000      0.002      0.247      0.805
    IE_02_PC           0.001      0.002      0.374      0.709
    IE_03_PC           0.002      0.003      0.772      0.440
    IE_04_PC           0.002      0.003      0.734      0.463
    IE_05_PC          -0.001      0.004     -0.153      0.878

 Residual Variances
    TP_01_NP           0.379      0.021     18.123      0.000
    TP_02_NP           0.986      0.010     97.505      0.000
    TP_03_NP           0.375      0.022     16.698      0.000
    TP_04_NP           0.711      0.024     30.046      0.000
    TP_05_NP           0.408      0.026     15.663      0.000
    TP_06_NP           0.631      0.029     22.130      0.000
    TR_01_PC           0.780      0.035     22.548      0.000
    TR_02_PC           0.550      0.035     15.618      0.000
    TR_03_PC           0.714      0.032     22.072      0.000
    TR_04_PC           0.546      0.043     12.769      0.000
    CL_01_PC           0.276      0.056      4.888      0.000
    CL_02_PC           0.584      0.050     11.790      0.000
    CL_03_PC           0.766      0.043     17.609      0.000
    IE_01_PC           0.155      0.015     10.405      0.000
    IE_02_PC           0.152      0.021      7.357      0.000
    IE_03_PC           0.423      0.025     16.876      0.000
    IE_04_PC           0.767      0.026     29.015      0.000
    IE_05_PC           0.716      0.026     27.891      0.000
    TPW                0.632      0.031     20.388      0.000
    CLW                0.913      0.021     43.792      0.000
    IEW                0.922      0.016     58.401      0.000
    TRW                0.897      0.020     43.923      0.000

Between Level

 TPB      BY
    TP_01_NP           0.920      0.023     39.754      0.000
    TP_02_NP           0.393      0.104      3.782      0.000
    TP_03_NP           0.950      0.022     43.929      0.000
    TP_04_NP           0.609      0.072      8.517      0.000
    TP_05_NP           0.932      0.024     38.534      0.000
    TP_06_NP           0.945      0.027     35.325      0.000

 DI       BY
    DI_01_NP           0.351      0.092      3.799      0.000
    DI_02_NP           0.331      0.081      4.098      0.000
    DI_03_NP           0.384      0.073      5.261      0.000
    DI_04_NP           0.288      0.068      4.212      0.000
    DI_05_NP           0.268      0.085      3.129      0.002
    DI_06_NP           0.436      0.082      5.298      0.000
    DI_07_NP           0.343      0.069      4.965      0.000
    DI_08_NP           0.439      0.073      5.985      0.000
    DI_09_NP           0.440      0.065      6.734      0.000
    DI_10_NP           0.392      0.067      5.820      0.000
    DI_11_NP           0.390      0.079      4.949      0.000
    DI_12_NP           0.373      0.064      5.802      0.000
    DI_13_NP           0.634      0.054     11.842      0.000

 SI       BY
    SI_01_NP           0.713      0.034     20.877      0.000
    SI_02_NP           0.730      0.039     18.791      0.000
    SI_03_NP           0.762      0.039     19.296      0.000
    SI_04_NP           0.748      0.037     20.077      0.000
    SI_05_NP           0.565      0.050     11.407      0.000
    SI_06_NP           0.265      0.058      4.586      0.000
    SI_07_NP           0.603      0.047     12.829      0.000

 TPB        ON
    DI                 0.405      0.090      4.505      0.000
    SI                 0.350      0.070      5.035      0.000

 TPB        ON
    I_EXP             -0.035      0.080     -0.439      0.661
    I_WIS              0.045      0.082      0.549      0.583

 SI       WITH
    DI                 0.212      0.080      2.661      0.008

 Intercepts
    DI_01_NP           0.773      0.073     10.613      0.000
    DI_02_NP           0.748      0.074     10.136      0.000
    DI_03_NP           0.691      0.072      9.624      0.000
    DI_04_NP           0.509      0.066      7.707      0.000
    DI_05_NP           0.442      0.065      6.754      0.000
    DI_06_NP           1.121      0.081     13.752      0.000
    DI_07_NP           0.096      0.058      1.658      0.097
    DI_08_NP           0.211      0.060      3.530      0.000
    DI_09_NP           0.583      0.067      8.664      0.000
    DI_10_NP           0.525      0.066      8.006      0.000
    DI_11_NP           0.410      0.065      6.259      0.000
    DI_12_NP           0.645      0.073      8.807      0.000
    DI_13_NP           0.994      0.074     13.479      0.000
    SI_01_NP           2.590      0.115     22.594      0.000
    SI_02_NP           2.526      0.099     25.629      0.000
    SI_03_NP           2.535      0.098     25.877      0.000
    SI_04_NP           2.280      0.078     29.368      0.000
    SI_05_NP           1.844      0.060     30.895      0.000
    SI_06_NP           5.096      0.428     11.916      0.000
    SI_07_NP           1.789      0.059     30.109      0.000
    TP_01_NP           6.630      0.434     15.272      0.000
    TP_02_NP           6.023      0.422     14.268      0.000
    TP_03_NP           6.776      0.479     14.153      0.000
    TP_04_NP           4.423      0.272     16.285      0.000
    TP_05_NP           6.349      0.459     13.829      0.000
    TP_06_NP           6.527      0.440     14.836      0.000

 Variances
    DI                 1.000      0.000    999.000    999.000
    SI                 1.000      0.000    999.000    999.000

 Residual Variances
    DI_01_NP           0.877      0.065     13.505      0.000
    DI_02_NP           0.891      0.053     16.689      0.000
    DI_03_NP           0.852      0.056     15.202      0.000
    DI_04_NP           0.917      0.039     23.255      0.000
    DI_05_NP           0.928      0.046     20.298      0.000
    DI_06_NP           0.810      0.072     11.292      0.000
    DI_07_NP           0.882      0.047     18.587      0.000
    DI_08_NP           0.807      0.064     12.521      0.000
    DI_09_NP           0.807      0.057     14.038      0.000
    DI_10_NP           0.846      0.053     15.992      0.000
    DI_11_NP           0.848      0.061     13.821      0.000
    DI_12_NP           0.861      0.048     18.000      0.000
    DI_13_NP           0.598      0.068      8.804      0.000
    SI_01_NP           0.491      0.049     10.078      0.000
    SI_02_NP           0.468      0.057      8.252      0.000
    SI_03_NP           0.420      0.060      6.982      0.000
    SI_04_NP           0.441      0.056      7.920      0.000
    SI_05_NP           0.681      0.056     12.165      0.000
    SI_06_NP           0.930      0.031     30.377      0.000
    SI_07_NP           0.636      0.057     11.209      0.000
    TP_01_NP           0.154      0.043      3.630      0.000
    TP_02_NP           0.846      0.082     10.355      0.000
    TP_03_NP           0.097      0.041      2.356      0.018
    TP_04_NP           0.629      0.087      7.218      0.000
    TP_05_NP           0.131      0.045      2.912      0.004
    TP_06_NP           0.107      0.051      2.113      0.035
    TPB                0.652      0.081      8.051      0.000


STD Standardization

                                                    Two-Tailed
                    Estimate       S.E.  Est./S.E.    P-Value

Within Level

 TPW      BY
    TP_01_NP           0.665      0.018     36.000      0.000
    TP_02_NP           0.105      0.037      2.854      0.004
    TP_03_NP           0.600      0.021     29.128      0.000
    TP_04_NP           0.441      0.023     18.858      0.000
    TP_05_NP           0.626      0.021     29.364      0.000
    TP_06_NP           0.456      0.023     20.063      0.000

 CLW      BY
    CL_01_PC           0.634      0.031     20.187      0.000
    CL_02_PC           0.468      0.031     15.311      0.000
    CL_03_PC           0.315      0.032      9.837      0.000

 IEW      BY
    IE_01_PC           1.010      0.024     42.365      0.000
    IE_02_PC           0.975      0.025     39.150      0.000
    IE_03_PC           0.853      0.028     30.391      0.000
    IE_04_PC           0.344      0.028     12.492      0.000
    IE_05_PC           0.584      0.033     17.701      0.000

 TRW      BY
    TR_01_PC           0.273      0.025     11.003      0.000
    TR_02_PC           0.472      0.023     20.581      0.000
    TR_03_PC           0.355      0.025     14.383      0.000
    TR_04_PC           0.442      0.025     17.631      0.000

 TPW        ON
    CLW               -0.114      0.028     -4.108      0.000
    IEW                0.251      0.032      7.913      0.000
    TRW               -0.405      0.041     -9.921      0.000

 TPW        ON
    KE_01_PC           0.073      0.037      1.939      0.052

 TRW        ON
    KE_01_PC          -0.427      0.042    -10.213      0.000

 CLW        ON
    KE_01_PC          -0.391      0.047     -8.388      0.000

 IEW        ON
    KE_01_PC           0.371      0.037      9.986      0.000

 TRW      WITH
    IEW               -0.284      0.033     -8.495      0.000
    CLW               -0.002      0.039     -0.055      0.956

 IEW      WITH
    CLW               -0.297      0.035     -8.396      0.000

 IE_05_PC WITH
    IE_03_PC           0.116      0.024      4.947      0.000

 Intercepts
    TR_01_PC          -0.001      0.001     -1.359      0.174
    TR_02_PC           0.003      0.002      1.601      0.109
    TR_03_PC          -0.001      0.001     -0.730      0.466
    TR_04_PC           0.002      0.002      1.068      0.285
    CL_01_PC          -0.002      0.001     -1.522      0.128
    CL_02_PC          -0.002      0.002     -1.230      0.219
    CL_03_PC          -0.002      0.002     -1.169      0.242
    IE_01_PC           0.001      0.002      0.247      0.805
    IE_02_PC           0.001      0.002      0.374      0.709
    IE_03_PC           0.002      0.003      0.771      0.441
    IE_04_PC           0.001      0.002      0.732      0.464
    IE_05_PC          -0.001      0.004     -0.153      0.878

 Residual Variances
    TP_01_NP           0.269      0.017     16.158      0.000
    TP_02_NP           0.746      0.033     22.788      0.000
    TP_03_NP           0.216      0.012     17.861      0.000
    TP_04_NP           0.477      0.024     19.954      0.000
    TP_05_NP           0.270      0.018     15.054      0.000
    TP_06_NP           0.356      0.018     19.480      0.000
    TR_01_PC           0.263      0.016     16.737      0.000
    TR_02_PC           0.271      0.021     13.231      0.000
    TR_03_PC           0.314      0.019     16.455      0.000
    TR_04_PC           0.235      0.020     11.806      0.000
    CL_01_PC           0.153      0.031      4.961      0.000
    CL_02_PC           0.307      0.031     10.063      0.000
    CL_03_PC           0.323      0.026     12.538      0.000
    IE_01_PC           0.187      0.018     10.632      0.000
    IE_02_PC           0.170      0.024      7.184      0.000
    IE_03_PC           0.533      0.034     15.909      0.000
    IE_04_PC           0.390      0.033     11.791      0.000
    IE_05_PC           0.862      0.051     16.863      0.000
    TPW                0.632      0.031     20.388      0.000
    CLW                0.913      0.021     43.792      0.000
    IEW                0.922      0.016     58.401      0.000
    TRW                0.897      0.020     43.923      0.000

Between Level

 TPB      BY
    TP_01_NP           0.408      0.030     13.794      0.000
    TP_02_NP           0.179      0.049      3.618      0.000
    TP_03_NP           0.418      0.029     14.268      0.000
    TP_04_NP           0.313      0.046      6.749      0.000
    TP_05_NP           0.403      0.032     12.429      0.000
    TP_06_NP           0.418      0.031     13.643      0.000

 DI       BY
    DI_01_NP           0.499      0.136      3.669      0.000
    DI_02_NP           0.568      0.140      4.059      0.000
    DI_03_NP           0.595      0.119      5.020      0.000
    DI_04_NP           0.405      0.103      3.919      0.000
    DI_05_NP           0.342      0.107      3.205      0.001
    DI_06_NP           0.612      0.122      5.028      0.000
    DI_07_NP           0.637      0.132      4.820      0.000
    DI_08_NP           0.643      0.121      5.324      0.000
    DI_09_NP           0.669      0.111      6.006      0.000
    DI_10_NP           0.563      0.102      5.495      0.000
    DI_11_NP           0.675      0.137      4.928      0.000
    DI_12_NP           0.517      0.095      5.443      0.000
    DI_13_NP           0.848      0.093      9.069      0.000

 SI       BY
    SI_01_NP           1.127      0.072     15.601      0.000
    SI_02_NP           1.024      0.072     14.158      0.000
    SI_03_NP           1.132      0.071     15.830      0.000
    SI_04_NP           1.101      0.071     15.591      0.000
    SI_05_NP           0.899      0.086     10.472      0.000
    SI_06_NP           0.280      0.072      3.918      0.000
    SI_07_NP           0.805      0.076     10.655      0.000

 TPB        ON
    DI                 0.405      0.090      4.505      0.000
    SI                 0.350      0.070      5.035      0.000

 TPB        ON
    I_EXP             -0.035      0.080     -0.439      0.661
    I_WIS              0.045      0.082      0.549      0.583

 SI       WITH
    DI                 0.212      0.080      2.661      0.008

 Intercepts
    DI_01_NP           1.097      0.083     13.196      0.000
    DI_02_NP           1.284      0.098     13.035      0.000
    DI_03_NP           1.071      0.089     12.016      0.000
    DI_04_NP           0.715      0.080      8.892      0.000
    DI_05_NP           0.566      0.073      7.725      0.000
    DI_06_NP           1.573      0.081     19.400      0.000
    DI_07_NP           0.178      0.107      1.663      0.096
    DI_08_NP           0.309      0.085      3.633      0.000
    DI_09_NP           0.886      0.089      9.989      0.000
    DI_10_NP           0.753      0.083      9.048      0.000
    DI_11_NP           0.709      0.100      7.105      0.000
    DI_12_NP           0.895      0.081     11.107      0.000
    DI_13_NP           1.329      0.078     17.112      0.000
    SI_01_NP           4.093      0.089     46.065      0.000
    SI_02_NP           3.545      0.079     44.932      0.000
    SI_03_NP           3.766      0.084     44.901      0.000
    SI_04_NP           3.356      0.083     40.377      0.000
    SI_05_NP           2.936      0.090     32.623      0.000
    SI_06_NP           5.393      0.060     90.302      0.000
    SI_07_NP           2.388      0.075     31.795      0.000
    TP_01_NP           2.941      0.031     95.745      0.000
    TP_02_NP           2.740      0.033     83.764      0.000
    TP_03_NP           2.979      0.029    102.150      0.000
    TP_04_NP           2.270      0.035     65.359      0.000
    TP_05_NP           2.748      0.030     91.879      0.000
    TP_06_NP           2.890      0.030     96.992      0.000

 Variances
    DI                 1.000      0.000    999.000    999.000
    SI                 1.000      0.000    999.000    999.000

 Residual Variances
    DI_01_NP           1.768      0.196      9.027      0.000
    DI_02_NP           2.624      0.283      9.286      0.000
    DI_03_NP           2.048      0.210      9.745      0.000
    DI_04_NP           1.808      0.168     10.795      0.000
    DI_05_NP           1.521      0.192      7.917      0.000
    DI_06_NP           1.596      0.190      8.384      0.000
    DI_07_NP           3.042      0.238     12.756      0.000
    DI_08_NP           1.729      0.171     10.100      0.000
    DI_09_NP           1.865      0.178     10.480      0.000
    DI_10_NP           1.741      0.173     10.087      0.000
    DI_11_NP           2.545      0.322      7.913      0.000
    DI_12_NP           1.659      0.201      8.244      0.000
    DI_13_NP           1.069      0.115      9.309      0.000
    SI_01_NP           1.227      0.119     10.328      0.000
    SI_02_NP           0.921      0.105      8.809      0.000
    SI_03_NP           0.927      0.132      7.001      0.000
    SI_04_NP           0.956      0.115      8.275      0.000
    SI_05_NP           1.725      0.158     10.913      0.000
    SI_06_NP           1.041      0.146      7.143      0.000
    SI_07_NP           1.132      0.123      9.221      0.000
    TP_01_NP           0.030      0.008      3.618      0.000
    TP_02_NP           0.175      0.029      5.962      0.000
    TP_03_NP           0.019      0.008      2.209      0.027
    TP_04_NP           0.166      0.025      6.738      0.000
    TP_05_NP           0.025      0.008      2.962      0.003
    TP_06_NP           0.021      0.010      2.095      0.036
    TPB                0.652      0.081      8.051      0.000


R-SQUARE

Within Level

    Observed                                        Two-Tailed
    Variable        Estimate       S.E.  Est./S.E.    P-Value

    TP_01_NP           0.621      0.021     29.738      0.000
    TP_02_NP           0.014      0.010      1.433      0.152
    TP_03_NP           0.625      0.022     27.787      0.000
    TP_04_NP           0.289      0.024     12.228      0.000
    TP_05_NP           0.592      0.026     22.713      0.000
    TP_06_NP           0.369      0.029     12.934      0.000
    TR_01_PC           0.220      0.035      6.377      0.000
    TR_02_PC           0.450      0.035     12.796      0.000
    TR_03_PC           0.286      0.032      8.856      0.000
    TR_04_PC           0.454      0.043     10.614      0.000
    CL_01_PC           0.724      0.056     12.836      0.000
    CL_02_PC           0.416      0.050      8.410      0.000
    CL_03_PC           0.234      0.043      5.390      0.000
    IE_01_PC           0.845      0.015     56.759      0.000
    IE_02_PC           0.848      0.021     41.141      0.000
    IE_03_PC           0.577      0.025     23.027      0.000
    IE_04_PC           0.233      0.026      8.790      0.000
    IE_05_PC           0.284      0.026     11.053      0.000

     Latent                                         Two-Tailed
    Variable        Estimate       S.E.  Est./S.E.    P-Value

    TPW                0.368      0.031     11.890      0.000
    CLW                0.087      0.021      4.162      0.000
    IEW                0.078      0.016      4.938      0.000
    TRW                0.103      0.020      5.051      0.000

Between Level

    Observed                                        Two-Tailed
    Variable        Estimate       S.E.  Est./S.E.    P-Value

    DI_01_NP           0.123      0.065      1.899      0.058
    DI_02_NP           0.109      0.053      2.049      0.040
    DI_03_NP           0.148      0.056      2.631      0.009
    DI_04_NP           0.083      0.039      2.106      0.035
    DI_05_NP           0.072      0.046      1.565      0.118
    DI_06_NP           0.190      0.072      2.649      0.008
    DI_07_NP           0.118      0.047      2.483      0.013
    DI_08_NP           0.193      0.064      2.993      0.003
    DI_09_NP           0.193      0.057      3.367      0.001
    DI_10_NP           0.154      0.053      2.910      0.004
    DI_11_NP           0.152      0.061      2.474      0.013
    DI_12_NP           0.139      0.048      2.901      0.004
    DI_13_NP           0.402      0.068      5.921      0.000
    SI_01_NP           0.509      0.049     10.439      0.000
    SI_02_NP           0.532      0.057      9.395      0.000
    SI_03_NP           0.580      0.060      9.648      0.000
    SI_04_NP           0.559      0.056     10.038      0.000
    SI_05_NP           0.319      0.056      5.703      0.000
    SI_06_NP           0.070      0.031      2.293      0.022
    SI_07_NP           0.364      0.057      6.415      0.000
    TP_01_NP           0.846      0.043     19.877      0.000
    TP_02_NP           0.154      0.082      1.891      0.059
    TP_03_NP           0.903      0.041     21.965      0.000
    TP_04_NP           0.371      0.087      4.258      0.000
    TP_05_NP           0.869      0.045     19.267      0.000
    TP_06_NP           0.893      0.051     17.662      0.000

     Latent                                         Two-Tailed
    Variable        Estimate       S.E.  Est./S.E.    P-Value

    TPB                0.348      0.081      4.291      0.000


QUALITY OF NUMERICAL RESULTS

     Condition Number for the Information Matrix              0.123E-07
       (ratio of smallest to largest eigenvalue)


     Beginning Time:  16:54:00
        Ending Time:  16:54:35
       Elapsed Time:  00:00:35



MUTHEN & MUTHEN
3463 Stoner Ave.
Los Angeles, CA  90066

Tel: (310) 391-9971
Fax: (310) 391-8971
Web: www.StatModel.com
Support: Support@StatModel.com

Copyright (c) 1998-2013 Muthen & Muthen
